
KillSwitch: 15471
Successfully logged in as JoeBean#2040
At: 13/03/2022 03:38:59
In: 3.693s
-------------------------------------------

KillSwitch: 17127
Successfully logged in as JoeBean#2040
At: 13/03/2022 03:46:13
In: 3.758s
-------------------------------------------

KillSwitch: 19887
Successfully logged in as JoeBean#2040
At: 13/03/2022 03:57:34
In: 3.629s
-------------------------------------------

KillSwitch: 23353
Successfully logged in as JoeBean#2040
At: 13/03/2022 04:05:54
In: 3.718s
-------------------------------------------
